downloads/sdk/paytech_android/paytech-sdk/build/intermediates/manifest_merge_blame_file/release/manifest-merger-blame-release-report.txt
1<?xml version="1.0" encoding="utf-8"?>
2<manifest xmlns:android="http://schemas.android.com/apk/res/android"
3    package="sdk.paytech.sn"
4    android:versionCode="1"
5    android:versionName="1.0" >
6
7    <uses-sdk
8        android:minSdkVersion="15"
8-->src/main/AndroidManifest.xml
9        android:targetSdkVersion="30" />
9-->src/main/AndroidManifest.xml
10
11    <uses-permission android:name="android.permission.INTERNET" />
11-->src/main/AndroidManifest.xml:5:5-67
11-->src/main/AndroidManifest.xml:5:22-64
12
13    <application
13-->src/main/AndroidManifest.xml:7:5-17:19
14        android:allowBackup="true"
14-->src/main/AndroidManifest.xml:8:9-35
15        android:label="@string/app_name"
15-->src/main/AndroidManifest.xml:9:9-41
16        android:supportsRtl="true" >
16-->src/main/AndroidManifest.xml:10:9-35
17        <activity
17-->src/main/AndroidManifest.xml:11:9-16:20
18            android:name="sdk.paytech.sn.ViewActivity"
18-->src/main/AndroidManifest.xml:14:13-41
19            android:configChanges="keyboardHidden|orientation|screenSize"
19-->src/main/AndroidManifest.xml:13:13-74
20            android:screenOrientation="portrait" >
20-->src/main/AndroidManifest.xml:12:13-49
21        </activity>
22    </application>
23
24</manifest>